[debug] [2022-06-09T02:12:00.463Z] ----------------------------------------------------------------------
[debug] [2022-06-09T02:12:00.466Z] Command:       C:\Program Files\nodejs\node.exe C:\Users\hafis\AppData\Roaming\npm\node_modules\firebase-tools\lib\bin\firebase.js init
[debug] [2022-06-09T02:12:00.467Z] CLI Version:   11.0.1
[debug] [2022-06-09T02:12:00.467Z] Platform:      win32
[debug] [2022-06-09T02:12:00.468Z] Node Version:  v16.15.1
[debug] [2022-06-09T02:12:00.469Z] Time:          Thu Jun 09 2022 09:12:00 GMT+0700 (Western Indonesia Time)
[debug] [2022-06-09T02:12:00.469Z] ----------------------------------------------------------------------
[debug] 
[debug] [2022-06-09T02:12:00.486Z] > command requires scopes: ["email","openid","https://www.googleapis.com/auth/cloudplatformprojects.readonly","https://www.googleapis.com/auth/firebase","https://www.googleapis.com/auth/cloud-platform"]
[debug] [2022-06-09T02:12:00.486Z] > authorizing via signed-in user (hafizkalamabdillah@gmail.com)
[info] 
     ######## #### ########  ######## ########     ###     ######  ########
     ##        ##  ##     ## ##       ##     ##  ##   ##  ##       ##
     ######    ##  ########  ######   ########  #########  ######  ######
     ##        ##  ##    ##  ##       ##     ## ##     ##       ## ##
     ##       #### ##     ## ######## ########  ##     ##  ######  ########

You're about to initialize a Firebase project in this directory:

  C:\xampp\htdocs\Pemrograman-Berbasis-Framework\Tugas9\firebase-login

Before we get started, keep in mind:

  * You are currently outside your home directory

